<?xml version="1.0" encoding="UTF-8"?>
<!-- Generated by org.testng.reporters.JUnitXMLReporter -->
<testsuite ignored="0" hostname="DESKTOP-JKMLIMQ" failures="0" tests="3" name="Google" time="8.018" errors="0" timestamp="2023-10-17T20:56:15 IST">
  <testcase classname="testScripts.GoogleTest" name="test_theLogo" time="0.051"/>
  <testcase classname="testScripts.GoogleTest" name="test_the_SearchTextBox" time="0.073"/>
  <testcase classname="testScripts.GoogleTest" name="title_url" time="0.04"/>
</testsuite> <!-- Google -->
