<?xml version="1.0" encoding="UTF-8"?>
<!-- Generated by org.testng.reporters.JUnitXMLReporter -->
<testsuite ignored="0" hostname="DESKTOP-JKMLIMQ" failures="0" tests="3" name="W3School" time="7.974" errors="0" timestamp="2023-10-17T20:56:15 IST">
  <testcase classname="testScripts.W3School_Test" name="test_theLogo" time="0.145"/>
  <testcase classname="testScripts.W3School_Test" name="test_the_SearchTextBox" time="0.241"/>
  <testcase classname="testScripts.W3School_Test" name="title_url" time="0.022"/>
</testsuite> <!-- W3School -->
