<?xml version="1.0" encoding="UTF-8"?>
<testng-results ignored="0" total="2" passed="2" failed="0" skipped="0">
  <reporter-output>
  </reporter-output>
  <suite started-at="2023-10-17T22:54:45 IST" name="iframelearningSuite" finished-at="2023-10-17T22:55:13 IST" duration-ms="27165">
    <groups>
    </groups>
    <test started-at="2023-10-17T22:54:45 IST" name="iframe validation" finished-at="2023-10-17T22:55:13 IST" duration-ms="27165">
      <class name="testing.Iframe_learning">
        <test-method is-config="true" signature="launch_the_application(java.lang.String)[pri:0, instance:testing.Iframe_learning@1e0b4072]" started-at="2023-10-17T22:54:46 IST" name="launch_the_application" finished-at="2023-10-17T22:54:53 IST" duration-ms="7493" status="PASS">
          <params>
            <param index="0">
              <value>
                <![CDATA[https://the-internet.herokuapp.com/]]>
              </value>
            </param>
          </params>
          <reporter-output>
          </reporter-output>
        </test-method> <!-- launch_the_application -->
        <test-method signature="frames_page()[pri:0, instance:testing.Iframe_learning@1e0b4072]" started-at="2023-10-17T22:54:53 IST" name="frames_page" finished-at="2023-10-17T22:55:11 IST" duration-ms="18363" status="PASS">
          <reporter-output>
          </reporter-output>
        </test-method> <!-- frames_page -->
        <test-method signature="test_homepage_1(java.lang.String,java.lang.String)[pri:0, instance:testing.Iframe_learning@1e0b4072]" started-at="2023-10-17T22:55:12 IST" name="test_homepage_1" finished-at="2023-10-17T22:55:12 IST" duration-ms="572" status="PASS">
          <params>
            <param index="0">
              <value>
                <![CDATA[The Internet]]>
              </value>
            </param>
            <param index="1">
              <value>
                <![CDATA[https://the-internet.herokuapp.com/]]>
              </value>
            </param>
          </params>
          <reporter-output>
          </reporter-output>
        </test-method> <!-- test_homepage_1 -->
        <test-method is-config="true" signature="close_the_application()[pri:0, instance:testing.Iframe_learning@1e0b4072]" started-at="2023-10-17T22:55:12 IST" name="close_the_application" finished-at="2023-10-17T22:55:13 IST" duration-ms="420" status="PASS">
          <reporter-output>
          </reporter-output>
        </test-method> <!-- close_the_application -->
      </class> <!-- testing.Iframe_learning -->
    </test> <!-- iframe validation -->
  </suite> <!-- iframelearningSuite -->
</testng-results>
