<?xml version="1.0" encoding="UTF-8"?>
<testng-results ignored="0" total="2" passed="2" failed="0" skipped="0">
  <reporter-output>
  </reporter-output>
  <suite started-at="2023-10-18T21:59:30 IST" name="Default suite" finished-at="2023-10-18T21:59:31 IST" duration-ms="674">
    <groups>
    </groups>
    <test started-at="2023-10-18T21:59:30 IST" name="Default test" finished-at="2023-10-18T21:59:31 IST" duration-ms="674">
      <class name="read_excelfile.Excel_simple_reading">
        <test-method signature="read_excel_aspercondition()[pri:0, instance:read_excelfile.Excel_simple_reading@3f57bcad]" started-at="2023-10-18T21:59:30 IST" name="read_excel_aspercondition" finished-at="2023-10-18T21:59:31 IST" duration-ms="425" status="PASS">
          <reporter-output>
          </reporter-output>
        </test-method> <!-- read_excel_aspercondition -->
        <test-method signature="read_excel_file()[pri:0, instance:read_excelfile.Excel_simple_reading@3f57bcad]" started-at="2023-10-18T21:59:31 IST" name="read_excel_file" finished-at="2023-10-18T21:59:31 IST" duration-ms="27" status="PASS">
          <reporter-output>
          </reporter-output>
        </test-method> <!-- read_excel_file -->
      </class> <!-- read_excelfile.Excel_simple_reading -->
    </test> <!-- Default test -->
  </suite> <!-- Default suite -->
</testng-results>
