<?xml version="1.0" encoding="UTF-8"?>
<!-- Generated by org.testng.reporters.JUnitXMLReporter -->
<testsuite ignored="2" hostname="DESKTOP-JKMLIMQ" failures="0" tests="2" name="group testing" time="0.052" errors="0" timestamp="2023-10-12T00:39:19 IST">
  <testcase classname="testing.Groups_TC_005" name="homepage_validation" time="0.008"/>
  <testcase classname="testing.Groups_TC_005" name="signin_page_validation" time="0.011"/>
  <testcase classname="testing.Groups_TC_005" name="cart_page_validation" time="0.0">
    <ignored/>
  </testcase> <!-- cart_page_validation -->
  <testcase classname="testing.Groups_TC_005" name="signout_page_validation" time="0.0">
    <ignored/>
  </testcase> <!-- signout_page_validation -->
</testsuite> <!-- group testing -->
